<?xml version="1.0" encoding="UTF-8"?>
<!-- Generated by org.testng.reporters.JUnitXMLReporter -->
<testsuite hostname="Kirsties-Air" ignored="4" name="Test" tests="1" failures="0" timestamp="08 Mar 2019 15:54:19 GMT" time="0.5" errors="0">
  <testcase name="EmailMaxCharacterssetfield" time="0.447" classname="tests.WFLandingPage"/>
  <testcase name="EmailSignIn" time="0.0" classname="tests.WFLandingPage">
    <ignored/>
  </testcase> <!-- EmailSignIn -->
  <testcase name="EmailMaxCharacters" time="0.0" classname="tests.WFLandingPage">
    <ignored/>
  </testcase> <!-- EmailMaxCharacters -->
  <testcase name="Scroll" time="0.0" classname="tests.WFLandingPage">
    <ignored/>
  </testcase> <!-- Scroll -->
  <testcase name="EmailIncorrectStr" time="0.0" classname="tests.WFLandingPage">
    <ignored/>
  </testcase> <!-- EmailIncorrectStr -->
</testsuite> <!-- Test -->
