<?xml version="1.0" encoding="UTF-8"?>
<!-- Generated by org.testng.reporters.JUnitXMLReporter -->
<testsuite hostname="Kirsties-MacBook-Air.local" ignored="0" name="Default test" tests="5" failures="0" timestamp="02 May 2019 09:39:20 GMT" time="4.978" errors="0">
  <testcase name="EmailIncorrectStr" time="0.908" classname="tests.WFLandingPage"/>
  <testcase name="EmailMaxCharacters" time="0.333" classname="tests.WFLandingPage"/>
  <testcase name="EmailMaxCharacterssetfield" time="0.279" classname="tests.WFLandingPage"/>
  <testcase name="EmailSignIn" time="3.346" classname="tests.WFLandingPage"/>
  <testcase name="Scroll" time="0.005" classname="tests.WFLandingPage"/>
</testsuite> <!-- Default test -->
