<?xml version="1.0" encoding="UTF-8"?>
<testng-results skipped="0" failed="0" ignored="0" total="5" passed="5">
  <reporter-output>
  </reporter-output>
  <suite name="Default suite" duration-ms="4978" started-at="2019-05-02T09:39:15Z" finished-at="2019-05-02T09:39:20Z">
    <groups>
    </groups>
    <test name="Default test" duration-ms="4978" started-at="2019-05-02T09:39:15Z" finished-at="2019-05-02T09:39:20Z">
      <class name="tests.WFLandingPage">
        <test-method status="PASS" signature="initialize()[pri:0, instance:tests.WFLandingPage@8bd1b6a]" name="initialize" is-config="true" duration-ms="10371" started-at="2019-05-02T10:39:04Z" finished-at="2019-05-02T10:39:15Z">
          <reporter-output>
          </reporter-output>
        </test-method> <!-- initialize -->
        <test-method status="PASS" signature="EmailIncorrectStr()[pri:0, instance:tests.WFLandingPage@8bd1b6a]" name="EmailIncorrectStr" duration-ms="908" started-at="2019-05-02T10:39:15Z" finished-at="2019-05-02T10:39:16Z">
          <reporter-output>
          </reporter-output>
        </test-method> <!-- EmailIncorrectStr -->
        <test-method status="PASS" signature="EmailMaxCharacters()[pri:0, instance:tests.WFLandingPage@8bd1b6a]" name="EmailMaxCharacters" duration-ms="333" started-at="2019-05-02T10:39:16Z" finished-at="2019-05-02T10:39:16Z">
          <reporter-output>
          </reporter-output>
        </test-method> <!-- EmailMaxCharacters -->
        <test-method status="PASS" signature="EmailMaxCharacterssetfield()[pri:0, instance:tests.WFLandingPage@8bd1b6a]" name="EmailMaxCharacterssetfield" duration-ms="279" started-at="2019-05-02T10:39:16Z" finished-at="2019-05-02T10:39:16Z">
          <reporter-output>
          </reporter-output>
        </test-method> <!-- EmailMaxCharacterssetfield -->
        <test-method status="PASS" signature="EmailSignIn()[pri:0, instance:tests.WFLandingPage@8bd1b6a]" name="EmailSignIn" duration-ms="3346" started-at="2019-05-02T10:39:16Z" finished-at="2019-05-02T10:39:20Z">
          <reporter-output>
          </reporter-output>
        </test-method> <!-- EmailSignIn -->
        <test-method status="PASS" signature="Scroll()[pri:0, instance:tests.WFLandingPage@8bd1b6a]" name="Scroll" duration-ms="5" started-at="2019-05-02T10:39:20Z" finished-at="2019-05-02T10:39:20Z">
          <reporter-output>
          </reporter-output>
        </test-method> <!-- Scroll -->
        <test-method status="PASS" signature="cleanUp()[pri:0, instance:tests.WFLandingPage@8bd1b6a]" name="cleanUp" is-config="true" duration-ms="59" started-at="2019-05-02T10:39:20Z" finished-at="2019-05-02T10:39:20Z">
          <reporter-output>
          </reporter-output>
        </test-method> <!-- cleanUp -->
        <test-method status="PASS" signature="TeardownTest()[pri:0, instance:tests.WFLandingPage@8bd1b6a]" name="TeardownTest" is-config="true" duration-ms="717" started-at="2019-05-02T10:39:20Z" finished-at="2019-05-02T10:39:20Z">
          <reporter-output>
          </reporter-output>
        </test-method> <!-- TeardownTest -->
      </class> <!-- tests.WFLandingPage -->
    </test> <!-- Default test -->
  </suite> <!-- Default suite -->
</testng-results>
