<?xml version="1.0" encoding="UTF-8"?>
<testng-results skipped="0" failed="0" ignored="0" total="1" passed="1">
  <reporter-output>
  </reporter-output>
  <suite name="Suite" duration-ms="8538" started-at="2018-12-14T14:26:03Z" finished-at="2018-12-14T14:26:11Z">
    <groups>
    </groups>
    <test name="Test" duration-ms="8538" started-at="2018-12-14T14:26:03Z" finished-at="2018-12-14T14:26:11Z">
      <class name="maventest.NewTest">
        <test-method status="PASS" signature="beforeClass()[pri:0, instance:maventest.NewTest@4efc180e]" name="beforeClass" is-config="true" duration-ms="83" started-at="2018-12-14T14:26:03Z" finished-at="2018-12-14T14:26:03Z">
          <reporter-output>
          </reporter-output>
        </test-method> <!-- beforeClass -->
        <test-method status="PASS" signature="openMyBlog()[pri:0, instance:maventest.NewTest@4efc180e]" name="openMyBlog" duration-ms="7080" started-at="2018-12-14T14:26:03Z" finished-at="2018-12-14T14:26:10Z">
          <reporter-output>
          </reporter-output>
        </test-method> <!-- openMyBlog -->
        <test-method status="PASS" signature="afterClass()[pri:0, instance:maventest.NewTest@4efc180e]" name="afterClass" is-config="true" duration-ms="1336" started-at="2018-12-14T14:26:10Z" finished-at="2018-12-14T14:26:11Z">
          <reporter-output>
          </reporter-output>
        </test-method> <!-- afterClass -->
      </class> <!-- maventest.NewTest -->
    </test> <!-- Test -->
  </suite> <!-- Suite -->
</testng-results>
